-------------------
CSE247 Robot tester starts testing dh on 2017-12-02 20:07:39 -0600

========
Testing in ./GradingRepos/repos/cse247-f17-students-joyce.l: dh as of 2017-11-28 12:30
========
Now in: /Users/tdelanuez/247f17/cse247-support/GradingRepos/repos/cse247-f17-students-joyce.l
Your branch is up-to-date with 'origin/master'.
HEAD is now at adf5bdc finished studio
No local changes to save

Already up-to-date.
Going back in time to: 2017-11-28 12:30
At hash e483c1e9cd37a38f2aef1a4fe80cb7933d08a054

Buildfile: /Users/tdelanuez/247f17/cse247-support/build.xml

copytest:
     [echo] would copy from /Users/roncytron/git/cse247-f17-students key joyce.l testfilesource testing/TestDH package dh repo ./GradingRepos/repos/cse247-f17-students-joyce.l
Compiling the code
Buildfile: /Users/tdelanuez/247f17/cse247-support/build.xml

compile:
     [echo] Compiling dh/DH
    [mkdir] Created dir: /Users/tdelanuez/247f17/cse247-support/GradingRepos/repos/cse247-f17-students-joyce.l/bin
    [javac] Compiling 1 source file to /Users/tdelanuez/247f17/cse247-support/GradingRepos/repos/cse247-f17-students-joyce.l/bin

BUILD SUCCESSFUL
Total time: 0 seconds
Buildfile: /Users/tdelanuez/247f17/cse247-support/build.xml

compile:
     [echo] Compiling dh/testing/TestDH
    [javac] Compiling 1 source file to /Users/tdelanuez/247f17/cse247-support/GradingRepos/repos/cse247-f17-students-joyce.l/bin

BUILD SUCCESSFUL
Total time: 0 seconds
Running test testing.TestDH
Buildfile: /Users/tdelanuez/247f17/cse247-support/build.xml

test:
    [junit] Running dh.testing.TestDH
    [junit] Testsuite: dh.testing.TestDH
    [junit] Tests run: 3, Failures: 2, Errors: 0, Skipped: 0, Time elapsed: 0.023 sec
    [junit] Tests run: 3, Failures: 2, Errors: 0, Skipped: 0, Time elapsed: 0.023 sec
    [junit] 
    [junit] Testcase: testPubKeys took 0.003 sec
    [junit] 	FAILED
    [junit] For private key 0 incorrect computation of public key expected:<1> but was:<0>
    [junit] junit.framework.AssertionFailedError: For private key 0 incorrect computation of public key expected:<1> but was:<0>
    [junit] 	at dh.testing.TestDH.testPubKeys(TestDH.java:34)
    [junit] 
    [junit] Testcase: testLectureExample took 0 sec
    [junit] 	FAILED
    [junit] Alice's public key should be 8 for private key 6 expected:<8> but was:<0>
    [junit] junit.framework.AssertionFailedError: Alice's public key should be 8 for private key 6 expected:<8> but was:<0>
    [junit] 	at dh.testing.TestDH.testLectureExample(TestDH.java:21)
    [junit] 
    [junit] Testcase: testAgreement took 0.003 sec

BUILD FAILED
/Users/tdelanuez/247f17/cse247-support/build.xml:35: Test dh.testing.TestDH failed

Total time: 0 seconds
========
Testing in ./GradingRepos/repos/cse247-f17-students-joyce.l: dh as of 2017-12-05 12:30
========
Now in: /Users/tdelanuez/247f17/cse247-support/GradingRepos/repos/cse247-f17-students-joyce.l
Your branch is up-to-date with 'origin/master'.
HEAD is now at adf5bdc finished studio
No local changes to save

Already up-to-date.
Going back in time to: 2017-12-05 12:30
At hash adf5bdcb2dfb33eaabc72a20fc33cac7fbed8805

Buildfile: /Users/tdelanuez/247f17/cse247-support/build.xml

copytest:
     [echo] would copy from /Users/roncytron/git/cse247-f17-students key joyce.l testfilesource testing/TestDH package dh repo ./GradingRepos/repos/cse247-f17-students-joyce.l
Compiling the code
Buildfile: /Users/tdelanuez/247f17/cse247-support/build.xml

compile:
     [echo] Compiling dh/DH
    [mkdir] Created dir: /Users/tdelanuez/247f17/cse247-support/GradingRepos/repos/cse247-f17-students-joyce.l/bin
    [javac] Compiling 1 source file to /Users/tdelanuez/247f17/cse247-support/GradingRepos/repos/cse247-f17-students-joyce.l/bin

BUILD SUCCESSFUL
Total time: 0 seconds
Buildfile: /Users/tdelanuez/247f17/cse247-support/build.xml

compile:
     [echo] Compiling dh/testing/TestDH
    [javac] Compiling 1 source file to /Users/tdelanuez/247f17/cse247-support/GradingRepos/repos/cse247-f17-students-joyce.l/bin

BUILD SUCCESSFUL
Total time: 0 seconds
Running test testing.TestDH
Buildfile: /Users/tdelanuez/247f17/cse247-support/build.xml

test:
    [junit] Running dh.testing.TestDH
    [junit] Testsuite: dh.testing.TestDH
    [junit] Tests run: 3, Failures: 2, Errors: 0, Skipped: 0, Time elapsed: 0.022 sec
    [junit] Tests run: 3, Failures: 2, Errors: 0, Skipped: 0, Time elapsed: 0.022 sec
    [junit] 
    [junit] Testcase: testPubKeys took 0.003 sec
    [junit] 	FAILED
    [junit] For private key 0 incorrect computation of public key expected:<1> but was:<0>
    [junit] junit.framework.AssertionFailedError: For private key 0 incorrect computation of public key expected:<1> but was:<0>
    [junit] 	at dh.testing.TestDH.testPubKeys(TestDH.java:34)
    [junit] 
    [junit] Testcase: testLectureExample took 0 sec
    [junit] 	FAILED
    [junit] Alice's public key should be 8 for private key 6 expected:<8> but was:<0>
    [junit] junit.framework.AssertionFailedError: Alice's public key should be 8 for private key 6 expected:<8> but was:<0>
    [junit] 	at dh.testing.TestDH.testLectureExample(TestDH.java:21)
    [junit] 
    [junit] Testcase: testAgreement took 0.003 sec

BUILD FAILED
/Users/tdelanuez/247f17/cse247-support/build.xml:35: Test dh.testing.TestDH failed

Total time: 0 seconds
================
Lab is not counted -- failed unit tests
================

CSE247 Robot tester ends testing dh on 2017-12-02 20:07:48 -0600
-------------------
