-------------------
CSE247 Robot tester starts testing kwaymergesort on 2017-11-04 14:28:40 -0500

========
Testing in ./GradingRepos/repos/cse247-f17-students-joyce.l: kwaymergesort as of 2017-10-26 12:30
========
Now in: /Users/tdelanuez/247f17/cse247-support/GradingRepos/repos/cse247-f17-students-joyce.l
Your branch is up-to-date with 'origin/master'.
HEAD is now at 3b7aef7 From robograde - lab6(final) lab7(ontime)
No local changes to save

Updating 3b7aef7..a54da42
Fast-forward
 labs/kwaymergesort/KWayMergeSort.java      | 120 +++++++++++++++++++++++------
 labs/kwaymergesort/test/TestMergeSort.java |  31 ++++----
 outputs/mergesort-ticks0.csv               |  17 ++++
 outputs/mergesort-time0.csv                |  17 ++++
 outputs/mergesortTickslab8.JPG             | Bin 0 -> 29498 bytes
 outputs/mergesortTimesLab8.JPG             | Bin 0 -> 25727 bytes
 6 files changed, 146 insertions(+), 39 deletions(-)
 create mode 100644 outputs/mergesort-ticks0.csv
 create mode 100644 outputs/mergesort-time0.csv
 create mode 100644 outputs/mergesortTickslab8.JPG
 create mode 100644 outputs/mergesortTimesLab8.JPG
Going back in time to: 2017-10-26 12:30
At hash e4d874b7b2a18c04982db31d3cd9e074ee17c1c7

Buildfile: /Users/tdelanuez/247f17/cse247-support/build.xml

copytest:
     [echo] would copy from /Users/roncytron/git/cse247-f17-students key joyce.l testfilesource test/TestMergeSort package kwaymergesort repo ./GradingRepos/repos/cse247-f17-students-joyce.l
Compiling the code
Buildfile: /Users/tdelanuez/247f17/cse247-support/build.xml

compile:
     [echo] Compiling kwaymergesort/KWayMergeSort
    [mkdir] Created dir: /Users/tdelanuez/247f17/cse247-support/GradingRepos/repos/cse247-f17-students-joyce.l/bin
    [javac] Compiling 1 source file to /Users/tdelanuez/247f17/cse247-support/GradingRepos/repos/cse247-f17-students-joyce.l/bin

BUILD SUCCESSFUL
Total time: 1 second
Buildfile: /Users/tdelanuez/247f17/cse247-support/build.xml

compile:
     [echo] Compiling kwaymergesort/test/TestMergeSort
    [javac] Compiling 1 source file to /Users/tdelanuez/247f17/cse247-support/GradingRepos/repos/cse247-f17-students-joyce.l/bin

BUILD SUCCESSFUL
Total time: 0 seconds
Running test test.TestMergeSort
Buildfile: /Users/tdelanuez/247f17/cse247-support/build.xml

test:
    [junit] Running kwaymergesort.test.TestMergeSort
    [junit] Testsuite: kwaymergesort.test.TestMergeSort
    [junit] 8-way merge sort of 8 integers
    [junit] Tests run: 1, Failures: 1, Errors: 0, Skipped: 0, Time elapsed: 0.07 sec
    [junit] Output:
    [junit] 8-way merge sort of 8 integers
    [junit] 
    [junit] Tests run: 1, Failures: 1, Errors: 0, Skipped: 0, Time elapsed: 0.07 sec
    [junit] ------------- Standard Output ---------------
    [junit] 8-way merge sort of 8 integers
    [junit] ------------- ---------------- ---------------
    [junit] 
    [junit] Testcase: sortTest took 0.015 sec
    [junit] 	FAILED
    [junit] At index 0 expected -1463034947 but got -886915191
    [junit] junit.framework.AssertionFailedError: At index 0 expected -1463034947 but got -886915191
    [junit] 	at kwaymergesort.test.TestMergeSort.sortOnce(TestMergeSort.java:42)
    [junit] 	at kwaymergesort.test.TestMergeSort.sortTest(TestMergeSort.java:25)
    [junit] 

BUILD FAILED
/Users/tdelanuez/247f17/cse247-support/build.xml:35: Test kwaymergesort.test.TestMergeSort failed

Total time: 0 seconds
========
Testing in ./GradingRepos/repos/cse247-f17-students-joyce.l: kwaymergesort as of 2017-11-02 12:30
========
Now in: /Users/tdelanuez/247f17/cse247-support/GradingRepos/repos/cse247-f17-students-joyce.l
Your branch is up-to-date with 'origin/master'.
HEAD is now at a54da42 Merge branch 'master' of https://LiamJoyce@bitbucket.org/cse247-f17/cse247-f17-students-joyce.l.git
No local changes to save

Already up-to-date.
Going back in time to: 2017-11-02 12:30
At hash a54da4226529fbf30975e02f08d90378e2ddb942

Buildfile: /Users/tdelanuez/247f17/cse247-support/build.xml

copytest:
     [echo] would copy from /Users/roncytron/git/cse247-f17-students key joyce.l testfilesource test/TestMergeSort package kwaymergesort repo ./GradingRepos/repos/cse247-f17-students-joyce.l
Compiling the code
Buildfile: /Users/tdelanuez/247f17/cse247-support/build.xml

compile:
     [echo] Compiling kwaymergesort/KWayMergeSort
    [mkdir] Created dir: /Users/tdelanuez/247f17/cse247-support/GradingRepos/repos/cse247-f17-students-joyce.l/bin
    [javac] Compiling 1 source file to /Users/tdelanuez/247f17/cse247-support/GradingRepos/repos/cse247-f17-students-joyce.l/bin

BUILD SUCCESSFUL
Total time: 0 seconds
Buildfile: /Users/tdelanuez/247f17/cse247-support/build.xml

compile:
     [echo] Compiling kwaymergesort/test/TestMergeSort
    [javac] Compiling 1 source file to /Users/tdelanuez/247f17/cse247-support/GradingRepos/repos/cse247-f17-students-joyce.l/bin

BUILD SUCCESSFUL
Total time: 1 second
Running test test.TestMergeSort
Buildfile: /Users/tdelanuez/247f17/cse247-support/build.xml

test:
    [junit] Running kwaymergesort.test.TestMergeSort
    [junit] Testsuite: kwaymergesort.test.TestMergeSort
    [junit] 4-way merge sort of 16 integers
    [junit] 4-way merge sort of 16 integers
    [junit] 4-way merge sort of 64 integers
    [junit] 8-way merge sort of 64 integers
    [junit] 16-way merge sort of 4096 integers
    [junit] 16-way merge sort of 256 integers
    [junit] 8-way merge sort of 64 integers
    [junit] 4-way merge sort of 16 integers
    [junit] 16-way merge sort of 16 integers
    [junit] 16-way merge sort of 256 integers
    [junit] 4-way merge sort of 64 integers
    [junit] 8-way merge sort of 64 integers
    [junit] 8-way merge sort of 512 integers
    [junit] 16-way merge sort of 256 integers
    [junit] 8-way merge sort of 64 integers
    [junit] 16-way merge sort of 4096 integers
    [junit] 32-way merge sort of 32768 integers
    [junit] 4-way merge sort of 64 integers
    [junit] 4-way merge sort of 16 integers
    [junit] 32-way merge sort of 32 integers
    [junit] Tests run: 1, Failures: 0, Errors: 0, Skipped: 0, Time elapsed: 0.102 sec
    [junit] Output:
    [junit] 4-way merge sort of 16 integers
    [junit] 4-way merge sort of 16 integers
    [junit] 4-way merge sort of 64 integers
    [junit] 8-way merge sort of 64 integers
    [junit] 16-way merge sort of 4096 integers
    [junit] 16-way merge sort of 256 integers
    [junit] 8-way merge sort of 64 integers
    [junit] 4-way merge sort of 16 integers
    [junit] 16-way merge sort of 16 integers
    [junit] 16-way merge sort of 256 integers
    [junit] 4-way merge sort of 64 integers
    [junit] 8-way merge sort of 64 integers
    [junit] 8-way merge sort of 512 integers
    [junit] 16-way merge sort of 256 integers
    [junit] 8-way merge sort of 64 integers
    [junit] 16-way merge sort of 4096 integers
    [junit] 32-way merge sort of 32768 integers
    [junit] 4-way merge sort of 64 integers
    [junit] 4-way merge sort of 16 integers
    [junit] 32-way merge sort of 32 integers
    [junit] 
    [junit] Tests run: 1, Failures: 0, Errors: 0, Skipped: 0, Time elapsed: 0.102 sec
    [junit] ------------- Standard Output ---------------
    [junit] 4-way merge sort of 16 integers
    [junit] 4-way merge sort of 16 integers
    [junit] 4-way merge sort of 64 integers
    [junit] 8-way merge sort of 64 integers
    [junit] 16-way merge sort of 4096 integers
    [junit] 16-way merge sort of 256 integers
    [junit] 8-way merge sort of 64 integers
    [junit] 4-way merge sort of 16 integers
    [junit] 16-way merge sort of 16 integers
    [junit] 16-way merge sort of 256 integers
    [junit] 4-way merge sort of 64 integers
    [junit] 8-way merge sort of 64 integers
    [junit] 8-way merge sort of 512 integers
    [junit] 16-way merge sort of 256 integers
    [junit] 8-way merge sort of 64 integers
    [junit] 16-way merge sort of 4096 integers
    [junit] 32-way merge sort of 32768 integers
    [junit] 4-way merge sort of 64 integers
    [junit] 4-way merge sort of 16 integers
    [junit] 32-way merge sort of 32 integers
    [junit] ------------- ---------------- ---------------
    [junit] 
    [junit] Testcase: sortTest took 0.075 sec

BUILD SUCCESSFUL
Total time: 0 seconds
================
Lab is counted as working
================

CSE247 Robot tester ends testing kwaymergesort on 2017-11-04 14:28:52 -0500
-------------------
